<?xml version="1.0" encoding="UTF-8"?>
<!-- Generated by org.testng.reporters.JUnitReportReporter -->
<testsuite hostname="Arvind-Thirumurugaiya" failures="0" tests="1" name="org.QA.TestNG.Test_API.TC1API" time="0.147" errors="0" timestamp="29 Aug 2023 20:08:44 GMT" skipped="0">
  <testcase classname="org.QA.TestNG.Test_API.TC1API" name="ObjectmappedPostPetName" time="0.147"/>
</testsuite> <!-- org.QA.TestNG.Test_API.TC1API -->
