<?xml version="1.0" encoding="UTF-8"?>
<!-- Generated by org.testng.reporters.JUnitReportReporter -->
<testsuite hostname="Arvind-Thirumurugaiya" failures="0" tests="1" name="org.QA.TestNG.Test_UI.TC1_Three_Slider_Only" time="11.264" errors="0" timestamp="30 Aug 2023 07:00:58 GMT" skipped="0">
  <testcase classname="org.QA.TestNG.Test_UI.TC1_Three_Slider_Only" name="Three_Slider_Only" time="11.264"/>
</testsuite> <!-- org.QA.TestNG.Test_UI.TC1_Three_Slider_Only -->
