<?xml version="1.0" encoding="UTF-8"?>
<!-- Generated by org.testng.reporters.JUnitReportReporter -->
<testsuite hostname="Rexxar" failures="0" tests="1" name="org.QA.TestNG.Test_UI.TC1_Three_Slider_Only" time="73.202" errors="0" timestamp="30 Aug 2023 08:37:38 GMT" skipped="0">
  <testcase classname="org.QA.TestNG.Test_UI.TC1_Three_Slider_Only" name="Three_Slider_Only" time="73.202"/>
</testsuite> <!-- org.QA.TestNG.Test_UI.TC1_Three_Slider_Only -->
