<?xml version="1.0" encoding="UTF-8"?>
<!-- Generated by org.testng.reporters.JUnitReportReporter -->
<testsuite hostname="Arvind-Thirumurugaiya" failures="0" tests="1" name="org.QA.FunctionAPI.PetStore" time="2.545" errors="0" timestamp="29 Aug 2023 19:55:01 GMT" skipped="0">
  <testcase classname="org.QA.FunctionAPI.PetStore" name="postPetName" time="2.545"/>
</testsuite> <!-- org.QA.FunctionAPI.PetStore -->
